0 info it worked if it ends with ok
1 verbose cli [ '/usr/local/bin/node', '/usr/local/bin/npm', 'install' ]
2 info using npm@3.7.5
3 info using node@v4.3.1
4 silly loadCurrentTree Starting
5 silly install loadCurrentTree
6 silly install readLocalPackageData
7 silly install normalizeTree
8 silly loadCurrentTree Finishing
9 silly loadIdealTree Starting
10 silly install loadIdealTree
11 silly cloneCurrentTree Starting
12 silly install cloneCurrentTreeToIdealTree
13 silly cloneCurrentTree Finishing
14 silly loadShrinkwrap Starting
15 silly install loadShrinkwrap
16 silly loadShrinkwrap Finishing
17 silly loadAllDepsIntoIdealTree Starting
18 silly install loadAllDepsIntoIdealTree
19 silly fetchNamedPackageData bcrypt
20 silly mapToRegistry name bcrypt
21 silly mapToRegistry using default registry
22 silly mapToRegistry registry https://registry.npmjs.org/
23 silly mapToRegistry uri https://registry.npmjs.org/bcrypt
24 verbose get https://registry.npmjs.org/bcrypt not expired, no request
25 silly resolveWithNewModule bcrypt@0.8.7 checking installable status
26 silly cache add args [ 'bcrypt@^0.8.7', null ]
27 verbose cache add spec bcrypt@^0.8.7
28 silly cache add parsed spec Result {
28 silly cache add   raw: 'bcrypt@^0.8.7',
28 silly cache add   scope: null,
28 silly cache add   name: 'bcrypt',
28 silly cache add   rawSpec: '^0.8.7',
28 silly cache add   spec: '>=0.8.7 <0.9.0',
28 silly cache add   type: 'range' }
29 silly addNamed bcrypt@>=0.8.7 <0.9.0
30 verbose addNamed ">=0.8.7 <0.9.0" is a valid semver range for bcrypt
31 silly addNameRange { name: 'bcrypt', range: '>=0.8.7 <0.9.0', hasData: false }
32 silly mapToRegistry name bcrypt
33 silly mapToRegistry using default registry
34 silly mapToRegistry registry https://registry.npmjs.org/
35 silly mapToRegistry uri https://registry.npmjs.org/bcrypt
36 verbose addNameRange registry:https://registry.npmjs.org/bcrypt not in flight; fetching
37 verbose get https://registry.npmjs.org/bcrypt not expired, no request
38 silly addNameRange number 2 { name: 'bcrypt', range: '>=0.8.7 <0.9.0', hasData: true }
39 silly addNameRange versions [ 'bcrypt',
39 silly addNameRange   [ '0.1.2',
39 silly addNameRange     '0.2.0',
39 silly addNameRange     '0.2.1',
39 silly addNameRange     '0.1.3',
39 silly addNameRange     '0.2.2',
39 silly addNameRange     '0.2.3',
39 silly addNameRange     '0.2.4',
39 silly addNameRange     '0.3.0',
39 silly addNameRange     '0.3.1',
39 silly addNameRange     '0.3.2',
39 silly addNameRange     '0.4.0',
39 silly addNameRange     '0.4.1',
39 silly addNameRange     '0.5.0',
39 silly addNameRange     '0.6.0',
39 silly addNameRange     '0.7.0',
39 silly addNameRange     '0.7.1',
39 silly addNameRange     '0.7.2',
39 silly addNameRange     '0.7.3',
39 silly addNameRange     '0.7.4',
39 silly addNameRange     '0.7.5',
39 silly addNameRange     '0.7.6',
39 silly addNameRange     '0.7.7',
39 silly addNameRange     '0.7.8',
39 silly addNameRange     '0.8.0',
39 silly addNameRange     '0.8.1',
39 silly addNameRange     '0.8.2',
39 silly addNameRange     '0.8.3',
39 silly addNameRange     '0.8.4',
39 silly addNameRange     '0.8.5',
39 silly addNameRange     '0.8.6',
39 silly addNameRange     '0.8.7' ] ]
40 silly addNamed bcrypt@0.8.7
41 verbose addNamed "0.8.7" is a plain semver version for bcrypt
42 silly cache afterAdd bcrypt@0.8.7
43 verbose afterAdd /Users/dylandotolo/.npm/bcrypt/0.8.7/package/package.json not in flight; writing
44 verbose correctMkdir /Users/dylandotolo/.npm correctMkdir not in flight; initializing
45 verbose afterAdd /Users/dylandotolo/.npm/bcrypt/0.8.7/package/package.json written
46 silly fetchNamedPackageData bindings
47 silly mapToRegistry name bindings
48 silly mapToRegistry using default registry
49 silly mapToRegistry registry https://registry.npmjs.org/
50 silly mapToRegistry uri https://registry.npmjs.org/bindings
51 silly fetchNamedPackageData nan
52 silly mapToRegistry name nan
53 silly mapToRegistry using default registry
54 silly mapToRegistry registry https://registry.npmjs.org/
55 silly mapToRegistry uri https://registry.npmjs.org/nan
56 verbose get https://registry.npmjs.org/bindings not expired, no request
57 silly resolveWithNewModule bindings@1.2.1 checking installable status
58 silly cache add args [ 'bindings@1.2.1', null ]
59 verbose cache add spec bindings@1.2.1
60 silly cache add parsed spec Result {
60 silly cache add   raw: 'bindings@1.2.1',
60 silly cache add   scope: null,
60 silly cache add   name: 'bindings',
60 silly cache add   rawSpec: '1.2.1',
60 silly cache add   spec: '1.2.1',
60 silly cache add   type: 'version' }
61 silly addNamed bindings@1.2.1
62 verbose addNamed "1.2.1" is a plain semver version for bindings
63 silly mapToRegistry name bindings
64 silly mapToRegistry using default registry
65 silly mapToRegistry registry https://registry.npmjs.org/
66 silly mapToRegistry uri https://registry.npmjs.org/bindings
67 verbose addNameVersion registry:https://registry.npmjs.org/bindings not in flight; fetching
68 verbose get https://registry.npmjs.org/nan not expired, no request
69 silly resolveWithNewModule nan@2.3.5 checking installable status
70 silly cache add args [ 'nan@2.3.5', null ]
71 verbose cache add spec nan@2.3.5
72 silly cache add parsed spec Result {
72 silly cache add   raw: 'nan@2.3.5',
72 silly cache add   scope: null,
72 silly cache add   name: 'nan',
72 silly cache add   rawSpec: '2.3.5',
72 silly cache add   spec: '2.3.5',
72 silly cache add   type: 'version' }
73 silly addNamed nan@2.3.5
74 verbose addNamed "2.3.5" is a plain semver version for nan
75 silly mapToRegistry name nan
76 silly mapToRegistry using default registry
77 silly mapToRegistry registry https://registry.npmjs.org/
78 silly mapToRegistry uri https://registry.npmjs.org/nan
79 verbose addNameVersion registry:https://registry.npmjs.org/nan not in flight; fetching
80 verbose get https://registry.npmjs.org/bindings not expired, no request
81 verbose get https://registry.npmjs.org/nan not expired, no request
82 silly cache afterAdd bindings@1.2.1
83 verbose afterAdd /Users/dylandotolo/.npm/bindings/1.2.1/package/package.json not in flight; writing
84 verbose correctMkdir /Users/dylandotolo/.npm correctMkdir not in flight; initializing
85 silly cache afterAdd nan@2.3.5
86 verbose afterAdd /Users/dylandotolo/.npm/nan/2.3.5/package/package.json not in flight; writing
87 verbose correctMkdir /Users/dylandotolo/.npm correctMkdir not in flight; initializing
88 verbose afterAdd /Users/dylandotolo/.npm/nan/2.3.5/package/package.json written
89 verbose afterAdd /Users/dylandotolo/.npm/bindings/1.2.1/package/package.json written
90 silly loadAllDepsIntoIdealTree Finishing
91 silly idealTree:prePrune personal-site@
91 silly idealTree:prePrune ├── bcrypt@0.8.7
91 silly idealTree:prePrune ├── bindings@1.2.1
91 silly idealTree:prePrune ├─┬ meteor-node-stubs@0.2.3
91 silly idealTree:prePrune │ ├── assert@1.3.0
91 silly idealTree:prePrune │ ├─┬ browserify-zlib@0.1.4
91 silly idealTree:prePrune │ │ └── pako@0.2.8
91 silly idealTree:prePrune │ ├─┬ buffer@4.5.1
91 silly idealTree:prePrune │ │ ├── base64-js@1.1.2
91 silly idealTree:prePrune │ │ ├── ieee754@1.1.6
91 silly idealTree:prePrune │ │ └── isarray@1.0.0
91 silly idealTree:prePrune │ ├─┬ console-browserify@1.1.0
91 silly idealTree:prePrune │ │ └── date-now@0.1.4
91 silly idealTree:prePrune │ ├── constants-browserify@1.0.0
91 silly idealTree:prePrune │ ├─┬ crypto-browserify@3.11.0
91 silly idealTree:prePrune │ │ ├─┬ browserify-cipher@1.0.0
91 silly idealTree:prePrune │ │ │ ├─┬ browserify-aes@1.0.6
91 silly idealTree:prePrune │ │ │ │ ├── buffer-xor@1.0.3
91 silly idealTree:prePrune │ │ │ │ └── cipher-base@1.0.2
91 silly idealTree:prePrune │ │ │ ├─┬ browserify-des@1.0.0
91 silly idealTree:prePrune │ │ │ │ ├── cipher-base@1.0.2
91 silly idealTree:prePrune │ │ │ │ └─┬ des.js@1.0.0
91 silly idealTree:prePrune │ │ │ │   └── minimalistic-assert@1.0.0
91 silly idealTree:prePrune │ │ │ └── evp_bytestokey@1.0.0
91 silly idealTree:prePrune │ │ ├─┬ browserify-sign@4.0.0
91 silly idealTree:prePrune │ │ │ ├── bn.js@4.11.1
91 silly idealTree:prePrune │ │ │ ├── browserify-rsa@4.0.1
91 silly idealTree:prePrune │ │ │ ├─┬ elliptic@6.2.3
91 silly idealTree:prePrune │ │ │ │ ├── brorand@1.0.5
91 silly idealTree:prePrune │ │ │ │ └── hash.js@1.0.3
91 silly idealTree:prePrune │ │ │ └─┬ parse-asn1@5.0.0
91 silly idealTree:prePrune │ │ │   ├─┬ asn1.js@4.5.2
91 silly idealTree:prePrune │ │ │   │ └── minimalistic-assert@1.0.0
91 silly idealTree:prePrune │ │ │   ├─┬ browserify-aes@1.0.6
91 silly idealTree:prePrune │ │ │   │ ├── buffer-xor@1.0.3
91 silly idealTree:prePrune │ │ │   │ └── cipher-base@1.0.2
91 silly idealTree:prePrune │ │ │   └── evp_bytestokey@1.0.0
91 silly idealTree:prePrune │ │ ├─┬ create-ecdh@4.0.0
91 silly idealTree:prePrune │ │ │ ├── bn.js@4.11.1
91 silly idealTree:prePrune │ │ │ └─┬ elliptic@6.2.3
91 silly idealTree:prePrune │ │ │   ├── brorand@1.0.5
91 silly idealTree:prePrune │ │ │   └── hash.js@1.0.3
91 silly idealTree:prePrune │ │ ├─┬ create-hash@1.1.2
91 silly idealTree:prePrune │ │ │ ├── cipher-base@1.0.2
91 silly idealTree:prePrune │ │ │ ├── ripemd160@1.0.1
91 silly idealTree:prePrune │ │ │ └── sha.js@2.4.5
91 silly idealTree:prePrune │ │ ├── create-hmac@1.1.4
91 silly idealTree:prePrune │ │ ├─┬ diffie-hellman@5.0.2
91 silly idealTree:prePrune │ │ │ ├── bn.js@4.11.1
91 silly idealTree:prePrune │ │ │ └─┬ miller-rabin@4.0.0
91 silly idealTree:prePrune │ │ │   └── brorand@1.0.5
91 silly idealTree:prePrune │ │ ├── inherits@2.0.1
91 silly idealTree:prePrune │ │ ├── pbkdf2@3.0.4
91 silly idealTree:prePrune │ │ ├─┬ public-encrypt@4.0.0
91 silly idealTree:prePrune │ │ │ ├── bn.js@4.11.1
91 silly idealTree:prePrune │ │ │ ├── browserify-rsa@4.0.1
91 silly idealTree:prePrune │ │ │ └─┬ parse-asn1@5.0.0
91 silly idealTree:prePrune │ │ │   ├─┬ asn1.js@4.5.2
91 silly idealTree:prePrune │ │ │   │ └── minimalistic-assert@1.0.0
91 silly idealTree:prePrune │ │ │   ├─┬ browserify-aes@1.0.6
91 silly idealTree:prePrune │ │ │   │ ├── buffer-xor@1.0.3
91 silly idealTree:prePrune │ │ │   │ └── cipher-base@1.0.2
91 silly idealTree:prePrune │ │ │   └── evp_bytestokey@1.0.0
91 silly idealTree:prePrune │ │ └── randombytes@2.0.3
91 silly idealTree:prePrune │ ├── domain-browser@1.1.7
91 silly idealTree:prePrune │ ├── events@1.1.0
91 silly idealTree:prePrune │ ├─┬ http-browserify@1.7.0
91 silly idealTree:prePrune │ │ ├── Base64@0.2.1
91 silly idealTree:prePrune │ │ └── inherits@2.0.1
91 silly idealTree:prePrune │ ├── https-browserify@0.0.1
91 silly idealTree:prePrune │ ├── os-browserify@0.2.1
91 silly idealTree:prePrune │ ├── path-browserify@0.0.0
91 silly idealTree:prePrune │ ├── process@0.11.2
91 silly idealTree:prePrune │ ├── punycode@1.4.1
91 silly idealTree:prePrune │ ├── querystring-es3@0.2.1
91 silly idealTree:prePrune │ ├─┬ readable-stream@2.0.6
91 silly idealTree:prePrune │ │ ├── core-util-is@1.0.2
91 silly idealTree:prePrune │ │ ├── inherits@2.0.1
91 silly idealTree:prePrune │ │ ├── isarray@1.0.0
91 silly idealTree:prePrune │ │ ├── process-nextick-args@1.0.6
91 silly idealTree:prePrune │ │ └── util-deprecate@1.0.2
91 silly idealTree:prePrune │ ├─┬ stream-browserify@2.0.1
91 silly idealTree:prePrune │ │ └── inherits@2.0.1
91 silly idealTree:prePrune │ ├── string_decoder@0.10.31
91 silly idealTree:prePrune │ ├── timers-browserify@1.4.2
91 silly idealTree:prePrune │ ├── tty-browserify@0.0.0
91 silly idealTree:prePrune │ ├─┬ url@0.11.0
91 silly idealTree:prePrune │ │ ├── punycode@1.3.2
91 silly idealTree:prePrune │ │ └── querystring@0.2.0
91 silly idealTree:prePrune │ ├─┬ util@0.10.3
91 silly idealTree:prePrune │ │ └── inherits@2.0.1
91 silly idealTree:prePrune │ └─┬ vm-browserify@0.0.4
91 silly idealTree:prePrune │   └── indexof@0.0.1
91 silly idealTree:prePrune └── nan@2.3.5
92 silly loadIdealTree Finishing
93 silly currentTree personal-site@
93 silly currentTree └─┬ meteor-node-stubs@0.2.3
93 silly currentTree   ├── assert@1.3.0
93 silly currentTree   ├─┬ browserify-zlib@0.1.4
93 silly currentTree   │ └── pako@0.2.8
93 silly currentTree   ├─┬ buffer@4.5.1
93 silly currentTree   │ ├── base64-js@1.1.2
93 silly currentTree   │ ├── ieee754@1.1.6
93 silly currentTree   │ └── isarray@1.0.0
93 silly currentTree   ├─┬ console-browserify@1.1.0
93 silly currentTree   │ └── date-now@0.1.4
93 silly currentTree   ├── constants-browserify@1.0.0
93 silly currentTree   ├─┬ crypto-browserify@3.11.0
93 silly currentTree   │ ├─┬ browserify-cipher@1.0.0
93 silly currentTree   │ │ ├─┬ browserify-aes@1.0.6
93 silly currentTree   │ │ │ ├── buffer-xor@1.0.3
93 silly currentTree   │ │ │ └── cipher-base@1.0.2
93 silly currentTree   │ │ ├─┬ browserify-des@1.0.0
93 silly currentTree   │ │ │ ├── cipher-base@1.0.2
93 silly currentTree   │ │ │ └─┬ des.js@1.0.0
93 silly currentTree   │ │ │   └── minimalistic-assert@1.0.0
93 silly currentTree   │ │ └── evp_bytestokey@1.0.0
93 silly currentTree   │ ├─┬ browserify-sign@4.0.0
93 silly currentTree   │ │ ├── bn.js@4.11.1
93 silly currentTree   │ │ ├── browserify-rsa@4.0.1
93 silly currentTree   │ │ ├─┬ elliptic@6.2.3
93 silly currentTree   │ │ │ ├── brorand@1.0.5
93 silly currentTree   │ │ │ └── hash.js@1.0.3
93 silly currentTree   │ │ └─┬ parse-asn1@5.0.0
93 silly currentTree   │ │   ├─┬ asn1.js@4.5.2
93 silly currentTree   │ │   │ └── minimalistic-assert@1.0.0
93 silly currentTree   │ │   ├─┬ browserify-aes@1.0.6
93 silly currentTree   │ │   │ ├── buffer-xor@1.0.3
93 silly currentTree   │ │   │ └── cipher-base@1.0.2
93 silly currentTree   │ │   └── evp_bytestokey@1.0.0
93 silly currentTree   │ ├─┬ create-ecdh@4.0.0
93 silly currentTree   │ │ ├── bn.js@4.11.1
93 silly currentTree   │ │ └─┬ elliptic@6.2.3
93 silly currentTree   │ │   ├── brorand@1.0.5
93 silly currentTree   │ │   └── hash.js@1.0.3
93 silly currentTree   │ ├─┬ create-hash@1.1.2
93 silly currentTree   │ │ ├── cipher-base@1.0.2
93 silly currentTree   │ │ ├── ripemd160@1.0.1
93 silly currentTree   │ │ └── sha.js@2.4.5
93 silly currentTree   │ ├── create-hmac@1.1.4
93 silly currentTree   │ ├─┬ diffie-hellman@5.0.2
93 silly currentTree   │ │ ├── bn.js@4.11.1
93 silly currentTree   │ │ └─┬ miller-rabin@4.0.0
93 silly currentTree   │ │   └── brorand@1.0.5
93 silly currentTree   │ ├── inherits@2.0.1
93 silly currentTree   │ ├── pbkdf2@3.0.4
93 silly currentTree   │ ├─┬ public-encrypt@4.0.0
93 silly currentTree   │ │ ├── bn.js@4.11.1
93 silly currentTree   │ │ ├── browserify-rsa@4.0.1
93 silly currentTree   │ │ └─┬ parse-asn1@5.0.0
93 silly currentTree   │ │   ├─┬ asn1.js@4.5.2
93 silly currentTree   │ │   │ └── minimalistic-assert@1.0.0
93 silly currentTree   │ │   ├─┬ browserify-aes@1.0.6
93 silly currentTree   │ │   │ ├── buffer-xor@1.0.3
93 silly currentTree   │ │   │ └── cipher-base@1.0.2
93 silly currentTree   │ │   └── evp_bytestokey@1.0.0
93 silly currentTree   │ └── randombytes@2.0.3
93 silly currentTree   ├── domain-browser@1.1.7
93 silly currentTree   ├── events@1.1.0
93 silly currentTree   ├─┬ http-browserify@1.7.0
93 silly currentTree   │ ├── Base64@0.2.1
93 silly currentTree   │ └── inherits@2.0.1
93 silly currentTree   ├── https-browserify@0.0.1
93 silly currentTree   ├── os-browserify@0.2.1
93 silly currentTree   ├── path-browserify@0.0.0
93 silly currentTree   ├── process@0.11.2
93 silly currentTree   ├── punycode@1.4.1
93 silly currentTree   ├── querystring-es3@0.2.1
93 silly currentTree   ├─┬ readable-stream@2.0.6
93 silly currentTree   │ ├── core-util-is@1.0.2
93 silly currentTree   │ ├── inherits@2.0.1
93 silly currentTree   │ ├── isarray@1.0.0
93 silly currentTree   │ ├── process-nextick-args@1.0.6
93 silly currentTree   │ └── util-deprecate@1.0.2
93 silly currentTree   ├─┬ stream-browserify@2.0.1
93 silly currentTree   │ └── inherits@2.0.1
93 silly currentTree   ├── string_decoder@0.10.31
93 silly currentTree   ├── timers-browserify@1.4.2
93 silly currentTree   ├── tty-browserify@0.0.0
93 silly currentTree   ├─┬ url@0.11.0
93 silly currentTree   │ ├── punycode@1.3.2
93 silly currentTree   │ └── querystring@0.2.0
93 silly currentTree   ├─┬ util@0.10.3
93 silly currentTree   │ └── inherits@2.0.1
93 silly currentTree   └─┬ vm-browserify@0.0.4
93 silly currentTree     └── indexof@0.0.1
94 silly idealTree personal-site@
94 silly idealTree ├── bcrypt@0.8.7
94 silly idealTree ├── bindings@1.2.1
94 silly idealTree ├─┬ meteor-node-stubs@0.2.3
94 silly idealTree │ ├── assert@1.3.0
94 silly idealTree │ ├─┬ browserify-zlib@0.1.4
94 silly idealTree │ │ └── pako@0.2.8
94 silly idealTree │ ├─┬ buffer@4.5.1
94 silly idealTree │ │ ├── base64-js@1.1.2
94 silly idealTree │ │ ├── ieee754@1.1.6
94 silly idealTree │ │ └── isarray@1.0.0
94 silly idealTree │ ├─┬ console-browserify@1.1.0
94 silly idealTree │ │ └── date-now@0.1.4
94 silly idealTree │ ├── constants-browserify@1.0.0
94 silly idealTree │ ├─┬ crypto-browserify@3.11.0
94 silly idealTree │ │ ├─┬ browserify-cipher@1.0.0
94 silly idealTree │ │ │ ├─┬ browserify-aes@1.0.6
94 silly idealTree │ │ │ │ ├── buffer-xor@1.0.3
94 silly idealTree │ │ │ │ └── cipher-base@1.0.2
94 silly idealTree │ │ │ ├─┬ browserify-des@1.0.0
94 silly idealTree │ │ │ │ ├── cipher-base@1.0.2
94 silly idealTree │ │ │ │ └─┬ des.js@1.0.0
94 silly idealTree │ │ │ │   └── minimalistic-assert@1.0.0
94 silly idealTree │ │ │ └── evp_bytestokey@1.0.0
94 silly idealTree │ │ ├─┬ browserify-sign@4.0.0
94 silly idealTree │ │ │ ├── bn.js@4.11.1
94 silly idealTree │ │ │ ├── browserify-rsa@4.0.1
94 silly idealTree │ │ │ ├─┬ elliptic@6.2.3
94 silly idealTree │ │ │ │ ├── brorand@1.0.5
94 silly idealTree │ │ │ │ └── hash.js@1.0.3
94 silly idealTree │ │ │ └─┬ parse-asn1@5.0.0
94 silly idealTree │ │ │   ├─┬ asn1.js@4.5.2
94 silly idealTree │ │ │   │ └── minimalistic-assert@1.0.0
94 silly idealTree │ │ │   ├─┬ browserify-aes@1.0.6
94 silly idealTree │ │ │   │ ├── buffer-xor@1.0.3
94 silly idealTree │ │ │   │ └── cipher-base@1.0.2
94 silly idealTree │ │ │   └── evp_bytestokey@1.0.0
94 silly idealTree │ │ ├─┬ create-ecdh@4.0.0
94 silly idealTree │ │ │ ├── bn.js@4.11.1
94 silly idealTree │ │ │ └─┬ elliptic@6.2.3
94 silly idealTree │ │ │   ├── brorand@1.0.5
94 silly idealTree │ │ │   └── hash.js@1.0.3
94 silly idealTree │ │ ├─┬ create-hash@1.1.2
94 silly idealTree │ │ │ ├── cipher-base@1.0.2
94 silly idealTree │ │ │ ├── ripemd160@1.0.1
94 silly idealTree │ │ │ └── sha.js@2.4.5
94 silly idealTree │ │ ├── create-hmac@1.1.4
94 silly idealTree │ │ ├─┬ diffie-hellman@5.0.2
94 silly idealTree │ │ │ ├── bn.js@4.11.1
94 silly idealTree │ │ │ └─┬ miller-rabin@4.0.0
94 silly idealTree │ │ │   └── brorand@1.0.5
94 silly idealTree │ │ ├── inherits@2.0.1
94 silly idealTree │ │ ├── pbkdf2@3.0.4
94 silly idealTree │ │ ├─┬ public-encrypt@4.0.0
94 silly idealTree │ │ │ ├── bn.js@4.11.1
94 silly idealTree │ │ │ ├── browserify-rsa@4.0.1
94 silly idealTree │ │ │ └─┬ parse-asn1@5.0.0
94 silly idealTree │ │ │   ├─┬ asn1.js@4.5.2
94 silly idealTree │ │ │   │ └── minimalistic-assert@1.0.0
94 silly idealTree │ │ │   ├─┬ browserify-aes@1.0.6
94 silly idealTree │ │ │   │ ├── buffer-xor@1.0.3
94 silly idealTree │ │ │   │ └── cipher-base@1.0.2
94 silly idealTree │ │ │   └── evp_bytestokey@1.0.0
94 silly idealTree │ │ └── randombytes@2.0.3
94 silly idealTree │ ├── domain-browser@1.1.7
94 silly idealTree │ ├── events@1.1.0
94 silly idealTree │ ├─┬ http-browserify@1.7.0
94 silly idealTree │ │ ├── Base64@0.2.1
94 silly idealTree │ │ └── inherits@2.0.1
94 silly idealTree │ ├── https-browserify@0.0.1
94 silly idealTree │ ├── os-browserify@0.2.1
94 silly idealTree │ ├── path-browserify@0.0.0
94 silly idealTree │ ├── process@0.11.2
94 silly idealTree │ ├── punycode@1.4.1
94 silly idealTree │ ├── querystring-es3@0.2.1
94 silly idealTree │ ├─┬ readable-stream@2.0.6
94 silly idealTree │ │ ├── core-util-is@1.0.2
94 silly idealTree │ │ ├── inherits@2.0.1
94 silly idealTree │ │ ├── isarray@1.0.0
94 silly idealTree │ │ ├── process-nextick-args@1.0.6
94 silly idealTree │ │ └── util-deprecate@1.0.2
94 silly idealTree │ ├─┬ stream-browserify@2.0.1
94 silly idealTree │ │ └── inherits@2.0.1
94 silly idealTree │ ├── string_decoder@0.10.31
94 silly idealTree │ ├── timers-browserify@1.4.2
94 silly idealTree │ ├── tty-browserify@0.0.0
94 silly idealTree │ ├─┬ url@0.11.0
94 silly idealTree │ │ ├── punycode@1.3.2
94 silly idealTree │ │ └── querystring@0.2.0
94 silly idealTree │ ├─┬ util@0.10.3
94 silly idealTree │ │ └── inherits@2.0.1
94 silly idealTree │ └─┬ vm-browserify@0.0.4
94 silly idealTree │   └── indexof@0.0.1
94 silly idealTree └── nan@2.3.5
95 silly generateActionsToTake Starting
96 silly install generateActionsToTake
97 silly generateActionsToTake Finishing
98 silly diffTrees action count 3
99 silly diffTrees add bindings@1.2.1
100 silly diffTrees add nan@2.3.5
101 silly diffTrees add bcrypt@0.8.7
102 silly decomposeActions action count 24
103 silly decomposeActions fetch bindings@1.2.1
104 silly decomposeActions extract bindings@1.2.1
105 silly decomposeActions test bindings@1.2.1
106 silly decomposeActions preinstall bindings@1.2.1
107 silly decomposeActions build bindings@1.2.1
108 silly decomposeActions install bindings@1.2.1
109 silly decomposeActions postinstall bindings@1.2.1
110 silly decomposeActions finalize bindings@1.2.1
111 silly decomposeActions fetch nan@2.3.5
112 silly decomposeActions extract nan@2.3.5
113 silly decomposeActions test nan@2.3.5
114 silly decomposeActions preinstall nan@2.3.5
115 silly decomposeActions build nan@2.3.5
116 silly decomposeActions install nan@2.3.5
117 silly decomposeActions postinstall nan@2.3.5
118 silly decomposeActions finalize nan@2.3.5
119 silly decomposeActions fetch bcrypt@0.8.7
120 silly decomposeActions extract bcrypt@0.8.7
121 silly decomposeActions test bcrypt@0.8.7
122 silly decomposeActions preinstall bcrypt@0.8.7
123 silly decomposeActions build bcrypt@0.8.7
124 silly decomposeActions install bcrypt@0.8.7
125 silly decomposeActions postinstall bcrypt@0.8.7
126 silly decomposeActions finalize bcrypt@0.8.7
127 silly executeActions Starting
128 silly install executeActions
129 silly doSerial global-install 0
130 silly doParallel fetch 3
131 verbose correctMkdir /Users/dylandotolo/.npm/_locks correctMkdir not in flight; initializing
132 verbose lock using /Users/dylandotolo/.npm/_locks/staging-a603396501356cca.lock for /Users/dylandotolo/Documents/Websites/personal-site/node_modules/.staging
133 silly doParallel extract 3
134 silly extract bindings@1.2.1
135 silly extract nan@2.3.5
136 silly extract bcrypt@0.8.7
137 verbose unbuild node_modules/.staging/nan-ccdfe4ac
138 verbose unbuild node_modules/.staging/bindings-679d9db2
139 verbose unbuild node_modules/.staging/bcrypt-c3631bc8
140 silly gentlyRm /Users/dylandotolo/Documents/Websites/personal-site/node_modules/.staging/nan-ccdfe4ac is being purged from base /Users/dylandotolo/Documents/Websites/personal-site
141 verbose gentlyRm don't care about contents; nuking /Users/dylandotolo/Documents/Websites/personal-site/node_modules/.staging/nan-ccdfe4ac
142 silly gentlyRm /Users/dylandotolo/Documents/Websites/personal-site/node_modules/.staging/bindings-679d9db2 is being purged from base /Users/dylandotolo/Documents/Websites/personal-site
143 verbose gentlyRm don't care about contents; nuking /Users/dylandotolo/Documents/Websites/personal-site/node_modules/.staging/bindings-679d9db2
144 silly gentlyRm /Users/dylandotolo/Documents/Websites/personal-site/node_modules/.staging/bcrypt-c3631bc8 is being purged from base /Users/dylandotolo/Documents/Websites/personal-site
145 verbose gentlyRm don't care about contents; nuking /Users/dylandotolo/Documents/Websites/personal-site/node_modules/.staging/bcrypt-c3631bc8
146 verbose tar unpack /Users/dylandotolo/.npm/nan/2.3.5/package.tgz
147 verbose tar unpacking to /Users/dylandotolo/Documents/Websites/personal-site/node_modules/.staging/nan-ccdfe4ac
148 silly gentlyRm /Users/dylandotolo/Documents/Websites/personal-site/node_modules/.staging/nan-ccdfe4ac is being purged
149 verbose gentlyRm don't care about contents; nuking /Users/dylandotolo/Documents/Websites/personal-site/node_modules/.staging/nan-ccdfe4ac
150 verbose tar unpack /Users/dylandotolo/.npm/bindings/1.2.1/package.tgz
151 verbose tar unpacking to /Users/dylandotolo/Documents/Websites/personal-site/node_modules/.staging/bindings-679d9db2
152 silly gentlyRm /Users/dylandotolo/Documents/Websites/personal-site/node_modules/.staging/bindings-679d9db2 is being purged
153 verbose gentlyRm don't care about contents; nuking /Users/dylandotolo/Documents/Websites/personal-site/node_modules/.staging/bindings-679d9db2
154 verbose tar unpack /Users/dylandotolo/.npm/bcrypt/0.8.7/package.tgz
155 verbose tar unpacking to /Users/dylandotolo/Documents/Websites/personal-site/node_modules/.staging/bcrypt-c3631bc8
156 silly gentlyRm /Users/dylandotolo/Documents/Websites/personal-site/node_modules/.staging/bcrypt-c3631bc8 is being purged
157 verbose gentlyRm don't care about contents; nuking /Users/dylandotolo/Documents/Websites/personal-site/node_modules/.staging/bcrypt-c3631bc8
158 silly gunzTarPerm modes [ '755', '644' ]
159 silly gunzTarPerm modes [ '755', '644' ]
160 silly gunzTarPerm modes [ '755', '644' ]
161 silly gunzTarPerm extractEntry package.json
162 silly gunzTarPerm modified mode [ 'package.json', 436, 420 ]
163 silly gunzTarPerm extractEntry package.json
164 silly gunzTarPerm extractEntry package.json
165 silly gunzTarPerm extractEntry README.md
166 silly gunzTarPerm modified mode [ 'README.md', 436, 420 ]
167 silly gunzTarPerm extractEntry README.md
168 silly gunzTarPerm extractEntry bindings.js
169 silly gunzTarPerm extractEntry .npmignore
170 silly gunzTarPerm extractEntry README.md
171 silly gunzTarPerm extractEntry include_dirs.js
172 silly gunzTarPerm modified mode [ 'include_dirs.js', 436, 420 ]
173 silly gunzTarPerm extractEntry LICENSE
174 silly gunzTarPerm extractEntry bcrypt.js
175 silly gunzTarPerm extractEntry Makefile
176 silly gunzTarPerm extractEntry .travis.yml
177 silly gunzTarPerm extractEntry CHANGELOG.md
178 silly gunzTarPerm extractEntry binding.gyp
179 silly gunzTarPerm extractEntry examples/async_compare.js
180 silly gunzTarPerm extractEntry examples/forever_gen_salt.js
181 silly gunzTarPerm extractEntry test/async.js
182 silly gunzTarPerm extractEntry test/repetitions.js
183 silly gunzTarPerm extractEntry test/sync.js
184 silly gunzTarPerm extractEntry ISSUE_TEMPLATE.md
185 silly gunzTarPerm extractEntry src/bcrypt.cc
186 silly gunzTarPerm extractEntry src/bcrypt_node.cc
187 silly gunzTarPerm extractEntry src/blowfish.cc
188 silly gunzTarPerm extractEntry src/node_blf.h
189 silly gunzTarPerm extractEntry werker.yml
190 silly gunzTarPerm extractEntry nan_converters.h
191 silly gunzTarPerm modified mode [ 'nan_converters.h', 436, 420 ]
192 silly gunzTarPerm extractEntry LICENSE.md
193 silly gunzTarPerm modified mode [ 'LICENSE.md', 436, 420 ]
194 silly gunzTarPerm extractEntry doc/node_misc.md
195 silly gunzTarPerm modified mode [ 'doc/node_misc.md', 436, 420 ]
196 silly gunzTarPerm extractEntry doc/asyncworker.md
197 silly gunzTarPerm modified mode [ 'doc/asyncworker.md', 436, 420 ]
198 silly gunzTarPerm extractEntry doc/callback.md
199 silly gunzTarPerm modified mode [ 'doc/callback.md', 436, 420 ]
200 silly gunzTarPerm extractEntry doc/converters.md
201 silly gunzTarPerm modified mode [ 'doc/converters.md', 436, 420 ]
202 silly gunzTarPerm extractEntry doc/errors.md
203 silly gunzTarPerm modified mode [ 'doc/errors.md', 436, 420 ]
204 silly gunzTarPerm extractEntry doc/maybe_types.md
205 silly gunzTarPerm modified mode [ 'doc/maybe_types.md', 436, 420 ]
206 silly gunzTarPerm extractEntry doc/methods.md
207 silly gunzTarPerm modified mode [ 'doc/methods.md', 436, 420 ]
208 silly gunzTarPerm extractEntry doc/new.md
209 silly gunzTarPerm modified mode [ 'doc/new.md', 436, 420 ]
210 silly gentlyRm /Users/dylandotolo/Documents/Websites/personal-site/node_modules/.staging/bindings-679d9db2/node_modules is being purged
211 verbose gentlyRm don't care about contents; nuking /Users/dylandotolo/Documents/Websites/personal-site/node_modules/.staging/bindings-679d9db2/node_modules
212 silly gunzTarPerm extractEntry doc/buffers.md
213 silly gunzTarPerm modified mode [ 'doc/buffers.md', 436, 420 ]
214 silly gunzTarPerm extractEntry doc/object_wrappers.md
215 silly gunzTarPerm modified mode [ 'doc/object_wrappers.md', 436, 420 ]
216 silly gunzTarPerm extractEntry doc/persistent.md
217 silly gunzTarPerm modified mode [ 'doc/persistent.md', 436, 420 ]
218 silly gunzTarPerm extractEntry doc/scopes.md
219 silly gunzTarPerm modified mode [ 'doc/scopes.md', 436, 420 ]
220 silly gunzTarPerm extractEntry doc/script.md
221 silly gunzTarPerm modified mode [ 'doc/script.md', 436, 420 ]
222 silly gunzTarPerm extractEntry doc/string_bytes.md
223 silly gunzTarPerm modified mode [ 'doc/string_bytes.md', 436, 420 ]
224 silly gunzTarPerm extractEntry doc/v8_internals.md
225 silly gunzTarPerm modified mode [ 'doc/v8_internals.md', 436, 420 ]
226 silly gunzTarPerm extractEntry doc/v8_misc.md
227 silly gunzTarPerm modified mode [ 'doc/v8_misc.md', 436, 420 ]
228 silly gunzTarPerm extractEntry nan.h
229 silly gunzTarPerm modified mode [ 'nan.h', 436, 420 ]
230 silly gunzTarPerm extractEntry nan_callbacks.h
231 silly gunzTarPerm modified mode [ 'nan_callbacks.h', 436, 420 ]
232 silly gunzTarPerm extractEntry nan_callbacks_12_inl.h
233 silly gunzTarPerm modified mode [ 'nan_callbacks_12_inl.h', 436, 420 ]
234 silly gunzTarPerm extractEntry nan_callbacks_pre_12_inl.h
235 silly gunzTarPerm modified mode [ 'nan_callbacks_pre_12_inl.h', 436, 420 ]
236 silly gunzTarPerm extractEntry nan_converters_43_inl.h
237 silly gunzTarPerm modified mode [ 'nan_converters_43_inl.h', 436, 420 ]
238 silly gunzTarPerm extractEntry nan_converters_pre_43_inl.h
239 silly gunzTarPerm modified mode [ 'nan_converters_pre_43_inl.h', 436, 420 ]
240 silly gunzTarPerm extractEntry nan_implementation_12_inl.h
241 silly gunzTarPerm modified mode [ 'nan_implementation_12_inl.h', 436, 420 ]
242 silly gunzTarPerm extractEntry nan_implementation_pre_12_inl.h
243 silly gunzTarPerm modified mode [ 'nan_implementation_pre_12_inl.h', 436, 420 ]
244 silly gunzTarPerm extractEntry nan_maybe_43_inl.h
245 silly gunzTarPerm modified mode [ 'nan_maybe_43_inl.h', 436, 420 ]
246 silly gunzTarPerm extractEntry nan_maybe_pre_43_inl.h
247 silly gunzTarPerm modified mode [ 'nan_maybe_pre_43_inl.h', 436, 420 ]
248 silly gunzTarPerm extractEntry nan_new.h
249 silly gunzTarPerm modified mode [ 'nan_new.h', 436, 420 ]
250 silly gunzTarPerm extractEntry nan_object_wrap.h
251 silly gunzTarPerm modified mode [ 'nan_object_wrap.h', 436, 420 ]
252 silly gunzTarPerm extractEntry nan_persistent_12_inl.h
253 silly gunzTarPerm modified mode [ 'nan_persistent_12_inl.h', 436, 420 ]
254 silly gunzTarPerm extractEntry nan_persistent_pre_12_inl.h
255 silly gunzTarPerm modified mode [ 'nan_persistent_pre_12_inl.h', 436, 420 ]
256 silly gunzTarPerm extractEntry nan_string_bytes.h
257 silly gunzTarPerm modified mode [ 'nan_string_bytes.h', 436, 420 ]
258 silly gunzTarPerm extractEntry nan_typedarray_contents.h
259 silly gunzTarPerm modified mode [ 'nan_typedarray_contents.h', 436, 420 ]
260 silly gunzTarPerm extractEntry nan_weak.h
261 silly gunzTarPerm modified mode [ 'nan_weak.h', 436, 420 ]
262 silly gunzTarPerm extractEntry CHANGELOG.md
263 silly gunzTarPerm modified mode [ 'CHANGELOG.md', 436, 420 ]
264 silly gunzTarPerm extractEntry tools/package.json
265 silly gunzTarPerm modified mode [ 'tools/package.json', 436, 420 ]
266 silly gunzTarPerm extractEntry tools/README.md
267 silly gunzTarPerm modified mode [ 'tools/README.md', 436, 420 ]
268 silly gunzTarPerm extractEntry tools/1to2.js
269 silly gunzTarPerm modified mode [ 'tools/1to2.js', 509, 493 ]
270 silly gentlyRm /Users/dylandotolo/Documents/Websites/personal-site/node_modules/.staging/bcrypt-c3631bc8/node_modules is being purged
271 verbose gentlyRm don't care about contents; nuking /Users/dylandotolo/Documents/Websites/personal-site/node_modules/.staging/bcrypt-c3631bc8/node_modules
272 silly gentlyRm /Users/dylandotolo/Documents/Websites/personal-site/node_modules/.staging/nan-ccdfe4ac/node_modules is being purged
273 verbose gentlyRm don't care about contents; nuking /Users/dylandotolo/Documents/Websites/personal-site/node_modules/.staging/nan-ccdfe4ac/node_modules
274 silly doParallel preinstall 3
275 silly preinstall bindings@1.2.1 /Users/dylandotolo/Documents/Websites/personal-site/node_modules/.staging/bindings-679d9db2
276 info lifecycle bindings@1.2.1~preinstall: bindings@1.2.1
277 silly preinstall nan@2.3.5 /Users/dylandotolo/Documents/Websites/personal-site/node_modules/.staging/nan-ccdfe4ac
278 info lifecycle nan@2.3.5~preinstall: nan@2.3.5
279 silly preinstall bcrypt@0.8.7 /Users/dylandotolo/Documents/Websites/personal-site/node_modules/.staging/bcrypt-c3631bc8
280 info lifecycle bcrypt@0.8.7~preinstall: bcrypt@0.8.7
281 silly lifecycle bindings@1.2.1~preinstall: no script for preinstall, continuing
282 silly lifecycle nan@2.3.5~preinstall: no script for preinstall, continuing
283 silly lifecycle bcrypt@0.8.7~preinstall: no script for preinstall, continuing
284 silly doReverseSerial remove 0
285 silly doSerial move 0
286 silly doSerial finalize 3
287 silly finalize /Users/dylandotolo/Documents/Websites/personal-site/node_modules/bindings
288 silly finalize /Users/dylandotolo/Documents/Websites/personal-site/node_modules/nan
289 silly finalize /Users/dylandotolo/Documents/Websites/personal-site/node_modules/bcrypt
290 silly doSerial build 3
291 silly build bindings@1.2.1
292 info linkStuff bindings@1.2.1
293 silly linkStuff bindings@1.2.1 has /Users/dylandotolo/Documents/Websites/personal-site/node_modules as its parent node_modules
294 verbose linkBins bindings@1.2.1
295 verbose linkMans bindings@1.2.1
296 silly build nan@2.3.5
297 info linkStuff nan@2.3.5
298 silly linkStuff nan@2.3.5 has /Users/dylandotolo/Documents/Websites/personal-site/node_modules as its parent node_modules
299 verbose linkBins nan@2.3.5
300 verbose linkMans nan@2.3.5
301 silly build bcrypt@0.8.7
302 info linkStuff bcrypt@0.8.7
303 silly linkStuff bcrypt@0.8.7 has /Users/dylandotolo/Documents/Websites/personal-site/node_modules as its parent node_modules
304 verbose linkBins bcrypt@0.8.7
305 verbose linkMans bcrypt@0.8.7
306 silly doSerial global-link 0
307 silly doParallel update-linked 0
308 silly doSerial install 3
309 silly install bindings@1.2.1 /Users/dylandotolo/Documents/Websites/personal-site/node_modules/.staging/bindings-679d9db2
310 info lifecycle bindings@1.2.1~install: bindings@1.2.1
311 silly lifecycle bindings@1.2.1~install: no script for install, continuing
312 silly install nan@2.3.5 /Users/dylandotolo/Documents/Websites/personal-site/node_modules/.staging/nan-ccdfe4ac
313 info lifecycle nan@2.3.5~install: nan@2.3.5
314 silly lifecycle nan@2.3.5~install: no script for install, continuing
315 silly install bcrypt@0.8.7 /Users/dylandotolo/Documents/Websites/personal-site/node_modules/.staging/bcrypt-c3631bc8
316 info lifecycle bcrypt@0.8.7~install: bcrypt@0.8.7
317 verbose lifecycle bcrypt@0.8.7~install: unsafe-perm in lifecycle false
318 verbose lifecycle bcrypt@0.8.7~install: PATH: /usr/local/lib/node_modules/npm/bin/node-gyp-bin:/Users/dylandotolo/Documents/Websites/personal-site/node_modules/bcrypt/node_modules/.bin:/Users/dylandotolo/Documents/Websites/personal-site/node_modules/.bin:/usr/local/bin:/usr/local/bin:/usr/bin:/bin:/usr/sbin:/sbin
319 verbose lifecycle bcrypt@0.8.7~install: CWD: /Users/dylandotolo/Documents/Websites/personal-site/node_modules/bcrypt
320 silly lifecycle bcrypt@0.8.7~install: Args: [ '-c', 'node-gyp rebuild' ]
321 silly lifecycle bcrypt@0.8.7~install: Returned: code: 1  signal: null
322 info lifecycle bcrypt@0.8.7~install: Failed to exec install script
323 verbose unlock done using /Users/dylandotolo/.npm/_locks/staging-a603396501356cca.lock for /Users/dylandotolo/Documents/Websites/personal-site/node_modules/.staging
324 silly rollbackFailedOptional Starting
325 silly rollbackFailedOptional Finishing
326 silly runTopLevelLifecycles Starting
327 silly runTopLevelLifecycles Finishing
328 silly install printInstalled
329 verbose stack Error: bcrypt@0.8.7 install: `node-gyp rebuild`
329 verbose stack Exit status 1
329 verbose stack     at EventEmitter.<anonymous> (/usr/local/lib/node_modules/npm/lib/utils/lifecycle.js:239:16)
329 verbose stack     at emitTwo (events.js:87:13)
329 verbose stack     at EventEmitter.emit (events.js:172:7)
329 verbose stack     at ChildProcess.<anonymous> (/usr/local/lib/node_modules/npm/lib/utils/spawn.js:24:14)
329 verbose stack     at emitTwo (events.js:87:13)
329 verbose stack     at ChildProcess.emit (events.js:172:7)
329 verbose stack     at maybeClose (internal/child_process.js:821:16)
329 verbose stack     at Process.ChildProcess._handle.onexit (internal/child_process.js:211:5)
330 verbose pkgid bcrypt@0.8.7
331 verbose cwd /Users/dylandotolo/Documents/Websites/personal-site
332 error Darwin 16.0.0
333 error argv "/usr/local/bin/node" "/usr/local/bin/npm" "install"
334 error node v4.3.1
335 error npm  v3.7.5
336 error code ELIFECYCLE
337 error bcrypt@0.8.7 install: `node-gyp rebuild`
337 error Exit status 1
338 error Failed at the bcrypt@0.8.7 install script 'node-gyp rebuild'.
338 error Make sure you have the latest version of node.js and npm installed.
338 error If you do, this is most likely a problem with the bcrypt package,
338 error not with npm itself.
338 error Tell the author that this fails on your system:
338 error     node-gyp rebuild
338 error You can get information on how to open an issue for this project with:
338 error     npm bugs bcrypt
338 error Or if that isn't available, you can get their info via:
338 error     npm owner ls bcrypt
338 error There is likely additional logging output above.
339 verbose exit [ 1, true ]
